{"C:\\Users\\ARP\\Desktop\\module-2\\to-do-list\\src\\js\\todo-helper-functions.js": {"path":"C:\\Users\\ARP\\Desktop\\module-2\\to-do-list\\src\\js\\todo-helper-functions.js","statementMap":{"0":{"start":{"line":1,"column":27},"end":{"line":14,"column":1}},"1":{"start":{"line":2,"column":25},"end":{"line":2,"column":45}},"2":{"start":{"line":4,"column":2},"end":{"line":13,"column":3}},"3":{"start":{"line":5,"column":4},"end":{"line":5,"column":20}},"4":{"start":{"line":6,"column":4},"end":{"line":6,"column":62}},"5":{"start":{"line":7,"column":9},"end":{"line":13,"column":3}},"6":{"start":{"line":8,"column":22},"end":{"line":8,"column":47}},"7":{"start":{"line":9,"column":4},"end":{"line":9,"column":29}},"8":{"start":{"line":10,"column":4},"end":{"line":10,"column":51}},"9":{"start":{"line":11,"column":4},"end":{"line":11,"column":53}},"10":{"start":{"line":12,"column":4},"end":{"line":12,"column":23}},"11":{"start":{"line":16,"column":19},"end":{"line":23,"column":1}},"12":{"start":{"line":17,"column":2},"end":{"line":17,"column":45}},"13":{"start":{"line":18,"column":2},"end":{"line":18,"column":56}},"14":{"start":{"line":19,"column":2},"end":{"line":19,"column":62}},"15":{"start":{"line":21,"column":2},"end":{"line":21,"column":46}},"16":{"start":{"line":22,"column":2},"end":{"line":22,"column":42}},"17":{"start":{"line":25,"column":19},"end":{"line":29,"column":1}},"18":{"start":{"line":26,"column":2},"end":{"line":26,"column":43}},"19":{"start":{"line":27,"column":2},"end":{"line":27,"column":41}},"20":{"start":{"line":28,"column":2},"end":{"line":28,"column":48}},"21":{"start":{"line":31,"column":29},"end":{"line":55,"column":1}},"22":{"start":{"line":32,"column":2},"end":{"line":32,"column":50}},"23":{"start":{"line":33,"column":2},"end":{"line":33,"column":36}},"24":{"start":{"line":35,"column":2},"end":{"line":48,"column":5}},"25":{"start":{"line":36,"column":4},"end":{"line":36,"column":35}},"26":{"start":{"line":36,"column":28},"end":{"line":36,"column":35}},"27":{"start":{"line":38,"column":23},"end":{"line":38,"column":42}},"28":{"start":{"line":40,"column":4},"end":{"line":42,"column":32}},"29":{"start":{"line":41,"column":22},"end":{"line":41,"column":60}},"30":{"start":{"line":44,"column":4},"end":{"line":44,"column":59}},"31":{"start":{"line":46,"column":4},"end":{"line":46,"column":45}},"32":{"start":{"line":47,"column":4},"end":{"line":47,"column":52}},"33":{"start":{"line":50,"column":2},"end":{"line":54,"column":5}},"34":{"start":{"line":51,"column":4},"end":{"line":51,"column":51}},"35":{"start":{"line":51,"column":44},"end":{"line":51,"column":51}},"36":{"start":{"line":52,"column":4},"end":{"line":52,"column":54}},"37":{"start":{"line":53,"column":4},"end":{"line":53,"column":52}},"38":{"start":{"line":57,"column":30},"end":{"line":64,"column":1}},"39":{"start":{"line":58,"column":2},"end":{"line":60,"column":40}},"40":{"start":{"line":59,"column":20},"end":{"line":59,"column":58}},"41":{"start":{"line":62,"column":2},"end":{"line":62,"column":57}},"42":{"start":{"line":63,"column":2},"end":{"line":63,"column":51}},"43":{"start":{"line":66,"column":36},"end":{"line":69,"column":1}},"44":{"start":{"line":67,"column":2},"end":{"line":67,"column":25}},"45":{"start":{"line":68,"column":2},"end":{"line":68,"column":57}},"46":{"start":{"line":71,"column":28},"end":{"line":88,"column":1}},"47":{"start":{"line":72,"column":17},"end":{"line":86,"column":3}},"48":{"start":{"line":87,"column":2},"end":{"line":87,"column":54}},"49":{"start":{"line":90,"column":28},"end":{"line":98,"column":1}},"50":{"start":{"line":91,"column":27},"end":{"line":91,"column":92}},"51":{"start":{"line":91,"column":53},"end":{"line":91,"column":91}},"52":{"start":{"line":93,"column":2},"end":{"line":93,"column":80}},"53":{"start":{"line":93,"column":50},"end":{"line":93,"column":77}},"54":{"start":{"line":95,"column":2},"end":{"line":95,"column":57}},"55":{"start":{"line":96,"column":2},"end":{"line":96,"column":28}},"56":{"start":{"line":97,"column":2},"end":{"line":97,"column":13}}},"fnMap":{"0":{"name":"(anonymous_0)","decl":{"start":{"line":1,"column":27},"end":{"line":1,"column":28}},"loc":{"start":{"line":1,"column":40},"end":{"line":14,"column":1}},"line":1},"1":{"name":"(anonymous_1)","decl":{"start":{"line":16,"column":19},"end":{"line":16,"column":20}},"loc":{"start":{"line":16,"column":60},"end":{"line":23,"column":1}},"line":16},"2":{"name":"(anonymous_2)","decl":{"start":{"line":25,"column":19},"end":{"line":25,"column":20}},"loc":{"start":{"line":25,"column":60},"end":{"line":29,"column":1}},"line":25},"3":{"name":"(anonymous_3)","decl":{"start":{"line":31,"column":29},"end":{"line":31,"column":30}},"loc":{"start":{"line":31,"column":97},"end":{"line":55,"column":1}},"line":31},"4":{"name":"(anonymous_4)","decl":{"start":{"line":35,"column":45},"end":{"line":35,"column":46}},"loc":{"start":{"line":35,"column":53},"end":{"line":48,"column":3}},"line":35},"5":{"name":"(anonymous_5)","decl":{"start":{"line":41,"column":12},"end":{"line":41,"column":13}},"loc":{"start":{"line":41,"column":22},"end":{"line":41,"column":60}},"line":41},"6":{"name":"(anonymous_6)","decl":{"start":{"line":50,"column":37},"end":{"line":50,"column":38}},"loc":{"start":{"line":50,"column":45},"end":{"line":54,"column":3}},"line":50},"7":{"name":"(anonymous_7)","decl":{"start":{"line":57,"column":30},"end":{"line":57,"column":31}},"loc":{"start":{"line":57,"column":83},"end":{"line":64,"column":1}},"line":57},"8":{"name":"(anonymous_8)","decl":{"start":{"line":59,"column":10},"end":{"line":59,"column":11}},"loc":{"start":{"line":59,"column":20},"end":{"line":59,"column":58}},"line":59},"9":{"name":"(anonymous_9)","decl":{"start":{"line":66,"column":36},"end":{"line":66,"column":37}},"loc":{"start":{"line":66,"column":59},"end":{"line":69,"column":1}},"line":66},"10":{"name":"(anonymous_10)","decl":{"start":{"line":71,"column":28},"end":{"line":71,"column":29}},"loc":{"start":{"line":71,"column":51},"end":{"line":88,"column":1}},"line":71},"11":{"name":"(anonymous_11)","decl":{"start":{"line":90,"column":28},"end":{"line":90,"column":29}},"loc":{"start":{"line":90,"column":72},"end":{"line":98,"column":1}},"line":90},"12":{"name":"(anonymous_12)","decl":{"start":{"line":91,"column":43},"end":{"line":91,"column":44}},"loc":{"start":{"line":91,"column":53},"end":{"line":91,"column":91}},"line":91},"13":{"name":"(anonymous_13)","decl":{"start":{"line":93,"column":34},"end":{"line":93,"column":35}},"loc":{"start":{"line":93,"column":50},"end":{"line":93,"column":77}},"line":93}},"branchMap":{"0":{"loc":{"start":{"line":4,"column":2},"end":{"line":13,"column":3}},"type":"if","locations":[{"start":{"line":4,"column":2},"end":{"line":13,"column":3}},{"start":{"line":7,"column":9},"end":{"line":13,"column":3}}],"line":4},"1":{"loc":{"start":{"line":7,"column":9},"end":{"line":13,"column":3}},"type":"if","locations":[{"start":{"line":7,"column":9},"end":{"line":13,"column":3}},{"start":{},"end":{}}],"line":7},"2":{"loc":{"start":{"line":36,"column":4},"end":{"line":36,"column":35}},"type":"if","locations":[{"start":{"line":36,"column":4},"end":{"line":36,"column":35}},{"start":{},"end":{}}],"line":36},"3":{"loc":{"start":{"line":51,"column":4},"end":{"line":51,"column":51}},"type":"if","locations":[{"start":{"line":51,"column":4},"end":{"line":51,"column":51}},{"start":{},"end":{}}],"line":51},"4":{"loc":{"start":{"line":76,"column":53},"end":{"line":76,"column":82}},"type":"binary-expr","locations":[{"start":{"line":76,"column":53},"end":{"line":76,"column":69}},{"start":{"line":76,"column":73},"end":{"line":76,"column":82}}],"line":76},"5":{"loc":{"start":{"line":77,"column":18},"end":{"line":77,"column":52}},"type":"binary-expr","locations":[{"start":{"line":77,"column":18},"end":{"line":77,"column":34}},{"start":{"line":77,"column":38},"end":{"line":77,"column":52}}],"line":77}},"s":{"0":1,"1":0,"2":0,"3":0,"4":0,"5":0,"6":0,"7":0,"8":0,"9":0,"10":0,"11":1,"12":0,"13":0,"14":0,"15":0,"16":0,"17":1,"18":0,"19":0,"20":0,"21":1,"22":0,"23":0,"24":0,"25":0,"26":0,"27":0,"28":0,"29":0,"30":0,"31":0,"32":0,"33":0,"34":0,"35":0,"36":0,"37":0,"38":1,"39":0,"40":0,"41":0,"42":0,"43":1,"44":2,"45":2,"46":1,"47":3,"48":3,"49":1,"50":0,"51":0,"52":0,"53":0,"54":0,"55":0,"56":0},"f":{"0":0,"1":0,"2":0,"3":0,"4":0,"5":0,"6":0,"7":0,"8":0,"9":2,"10":3,"11":0,"12":0,"13":0},"b":{"0":[0,0],"1":[0,0],"2":[0,0],"3":[0,0],"4":[3,0],"5":[3,0]},"_coverageSchema":"1a1c01bbd47fc00a2c39e90264f33305004495a9","hash":"c1dc09d3ad5b90b4842091627f1ba3d0ed1603b4"}
}
